20:29:57.149 INFO  main GatewayStart         : config ../root/conf.yaml !!ibgroup.web.core.clientportal.gw.Config
authDelay: 3000
ccp: false
cors: {origin.allowed: '*', allowCredentials: false}
ip2loc: US
ips:
  allow: [192.*, 131.216.*, 127.0.0.1]
  deny: [212.90.324.10]
listenPort: 5000
listenSsl: true
portalBaseURL: ''
proxyRemoteHost: https://api.ibkr.com
proxyRemoteSsl: true
sslCert: vertx.jks
sslPwd: mywebapi
ssoPing: 5
svcEnvironment: v1
tst: false
twsBaseURL: /tws.proxy
webApps:
- {cache: true, index: index.html, listing: false, name: demo, proxy: ''}

20:29:57.255 INFO  vert.x-eventloop-thread-0 GatewayHttpProxy     :  -> mount demo on /demo
20:29:57.264 INFO  vert.x-eventloop-thread-0 GatewayVerticle      : version: a27ed42161ad96c53e715ca5c5e3e3fa4cff5262 Mon, 24 Apr 2023 15:41:53 -0400
20:29:57.264 INFO  vert.x-eventloop-thread-0 GatewayVerticle      : Java Version: 20.0.1
20:29:57.494 ERROR vert.x-eventloop-thread-0 DeploymentManager    : Address already in use
io.vertx.core.impl.NoStackTraceThrowable: Address already in use
20:30:56.195 INFO  main GatewayStart         : config ../root/conf.yaml !!ibgroup.web.core.clientportal.gw.Config
authDelay: 3000
ccp: false
cors: {origin.allowed: '*', allowCredentials: false}
ip2loc: US
ips:
  allow: [192.*, 131.216.*, 127.0.0.1]
  deny: [212.90.324.10]
listenPort: 5000
listenSsl: true
portalBaseURL: ''
proxyRemoteHost: https://api.ibkr.com
proxyRemoteSsl: true
sslCert: vertx.jks
sslPwd: mywebapi
ssoPing: 5
svcEnvironment: v1
tst: false
twsBaseURL: /tws.proxy
webApps:
- {cache: true, index: index.html, listing: false, name: demo, proxy: ''}

20:30:56.275 INFO  vert.x-eventloop-thread-0 GatewayHttpProxy     :  -> mount demo on /demo
20:30:56.283 INFO  vert.x-eventloop-thread-0 GatewayVerticle      : version: a27ed42161ad96c53e715ca5c5e3e3fa4cff5262 Mon, 24 Apr 2023 15:41:53 -0400
20:30:56.283 INFO  vert.x-eventloop-thread-0 GatewayVerticle      : Java Version: 20.0.1
20:30:56.340 ERROR vert.x-eventloop-thread-0 DeploymentManager    : Address already in use
io.vertx.core.impl.NoStackTraceThrowable: Address already in use
